02:16:45.905 [main] INFO  by.bsu.lab4.entity.Abiturient - Created Abiturient object 1 Peter Vasilevich Rodionov Pushkina,14 [8, 8, 8, 7, 7]
02:16:45.921 [main] INFO  by.bsu.lab4.entity.Abiturient - Created Abiturient object 2 Alexandr Vitalevich Ivanov Melnikaite,10 [7, 7, 7, 8, 8]
02:16:45.921 [main] INFO  by.bsu.lab4.entity.Abiturient - Created Abiturient object 3 Oleg Mikhailovich Gurko Belova,72 [6, 6, 6, 6, 6]
02:16:45.921 [main] INFO  by.bsu.lab4.solver.TaskSolver - Applying higherAverageMark method of TaskSolver class
02:16:45.952 [main] INFO  by.bsu.lab4.solver.TaskSolverTest - Result list is: [id: 1 name: Peter middle name: Vasilevich last name: Rodionov phone: +375291234567 address: Pushkina,14 marks: [8, 8, 8, 7, 7], id: 2 name: Alexandr middle name: Vitalevich last name: Ivanov phone: +375291234568 address: Melnikaite,10 marks: [7, 7, 7, 8, 8]]
02:16:45.952 [main] INFO  by.bsu.lab4.solver.TaskSolverTest - Expected list is: [id: 1 name: Peter middle name: Vasilevich last name: Rodionov phone: +375291234567 address: Pushkina,14 marks: [8, 8, 8, 7, 7], id: 2 name: Alexandr middle name: Vitalevich last name: Ivanov phone: +375291234568 address: Melnikaite,10 marks: [7, 7, 7, 8, 8]]
02:16:45.999 [main] INFO  by.bsu.lab4.entity.Abiturient - Created Abiturient object 1 Peter Vasilevich Rodionov Pushkina,14 [8, 8, 7, 7, 7]
02:16:45.999 [main] INFO  by.bsu.lab4.entity.Abiturient - Created Abiturient object 2 Alexandr Vitalevich Ivanov Melnikaite,10 [7, 7, 7, 8, 8]
02:16:45.999 [main] INFO  by.bsu.lab4.entity.Abiturient - Created Abiturient object 3 Oleg Mikhailovich Gurko Belova,72 [7, 8, 7, 8, 7]
02:16:45.999 [main] INFO  by.bsu.lab4.solver.TaskSolver - Applying bestAmountOfStudents method of TaskSolver class
02:16:45.999 [main] INFO  by.bsu.lab4.solver.TaskSolverTest - Result list is: [id: 1 name: Peter middle name: Vasilevich last name: Rodionov phone: +375297095757 address: Pushkina,14 marks: [8, 8, 7, 7, 7], id: 2 name: Alexandr middle name: Vitalevich last name: Ivanov phone: +375297095758 address: Melnikaite,10 marks: [7, 7, 7, 8, 8]]
02:16:45.999 [main] INFO  by.bsu.lab4.solver.TaskSolverTest - Expected list is: [id: 1 name: Peter middle name: Vasilevich last name: Rodionov phone: +375297095757 address: Pushkina,14 marks: [8, 8, 7, 7, 7], id: 2 name: Alexandr middle name: Vitalevich last name: Ivanov phone: +375297095758 address: Melnikaite,10 marks: [7, 7, 7, 8, 8]]
02:16:46.015 [main] INFO  by.bsu.lab4.solver.TaskSolver - Applying badMarks method of TaskSolver class
02:16:46.015 [main] ERROR by.bsu.lab4.solver.TaskSolverTest - Null Array error
java.lang.NullPointerException: Null arrays cant be handled
	at by.bsu.lab4.solver.TaskSolver.badMarks(TaskSolver.java:60) ~[Lab4/:?]
	at by.bsu.lab4.solver.TaskSolverTest.lambda$badMarkCheckNullArray$0(TaskSolverTest.java:137) ~[Lab4/:?]
	at org.junit.jupiter.api.AssertThrows.assertThrows(AssertThrows.java:55) ~[junit-jupiter-api-5.4.0.jar:5.4.0]
	at org.junit.jupiter.api.AssertThrows.assertThrows(AssertThrows.java:37) ~[junit-jupiter-api-5.4.0.jar:5.4.0]
	at org.junit.jupiter.api.Assertions.assertThrows(Assertions.java:2920) ~[junit-jupiter-api-5.4.0.jar:5.4.0]
	at by.bsu.lab4.solver.TaskSolverTest.badMarkCheckNullArray(TaskSolverTest.java:137) ~[Lab4/:?]
	at jdk.internal.reflect.NativeMethodAccessorImpl.invoke0(Native Method) ~[?:?]
	at jdk.internal.reflect.NativeMethodAccessorImpl.invoke(NativeMethodAccessorImpl.java:62) ~[?:?]
	at jdk.internal.reflect.DelegatingMethodAccessorImpl.invoke(DelegatingMethodAccessorImpl.java:43) ~[?:?]
	at java.lang.reflect.Method.invoke(Method.java:566) ~[?:?]
	at org.junit.platform.commons.util.ReflectionUtils.invokeMethod(ReflectionUtils.java:628) ~[junit-platform-commons-1.4.0.jar:1.4.0]
	at org.junit.jupiter.engine.execution.ExecutableInvoker.invoke(ExecutableInvoker.java:117) ~[junit-jupiter-engine-5.4.0.jar:5.4.0]
	at org.junit.jupiter.engine.descriptor.TestMethodTestDescriptor.lambda$invokeTestMethod$7(TestMethodTestDescriptor.java:184) ~[junit-jupiter-engine-5.4.0.jar:5.4.0]
	at org.junit.platform.engine.support.hierarchical.ThrowableCollector.execute(ThrowableCollector.java:73) ~[junit-platform-engine-1.4.0.jar:1.4.0]
	at org.junit.jupiter.engine.descriptor.TestMethodTestDescriptor.invokeTestMethod(TestMethodTestDescriptor.java:180) ~[junit-jupiter-engine-5.4.0.jar:5.4.0]
	at org.junit.jupiter.engine.descriptor.TestMethodTestDescriptor.execute(TestMethodTestDescriptor.java:127) ~[junit-jupiter-engine-5.4.0.jar:5.4.0]
	at org.junit.jupiter.engine.descriptor.TestMethodTestDescriptor.execute(TestMethodTestDescriptor.java:68) ~[junit-jupiter-engine-5.4.0.jar:5.4.0]
	at org.junit.platform.engine.support.hierarchical.NodeTestTask.lambda$executeRecursively$5(NodeTestTask.java:135) ~[junit-platform-engine-1.4.0.jar:1.4.0]
	at org.junit.platform.engine.support.hierarchical.ThrowableCollector.execute(ThrowableCollector.java:73) ~[junit-platform-engine-1.4.0.jar:1.4.0]
	at org.junit.platform.engine.support.hierarchical.NodeTestTask.lambda$executeRecursively$7(NodeTestTask.java:125) ~[junit-platform-engine-1.4.0.jar:1.4.0]
	at org.junit.platform.engine.support.hierarchical.Node.around(Node.java:135) ~[junit-platform-engine-1.4.0.jar:1.4.0]
	at org.junit.platform.engine.support.hierarchical.NodeTestTask.lambda$executeRecursively$8(NodeTestTask.java:123) ~[junit-platform-engine-1.4.0.jar:1.4.0]
	at org.junit.platform.engine.support.hierarchical.ThrowableCollector.execute(ThrowableCollector.java:73) ~[junit-platform-engine-1.4.0.jar:1.4.0]
	at org.junit.platform.engine.support.hierarchical.NodeTestTask.executeRecursively(NodeTestTask.java:122) ~[junit-platform-engine-1.4.0.jar:1.4.0]
	at org.junit.platform.engine.support.hierarchical.NodeTestTask.execute(NodeTestTask.java:80) ~[junit-platform-engine-1.4.0.jar:1.4.0]
	at java.util.ArrayList.forEach(ArrayList.java:1540) ~[?:?]
	at org.junit.platform.engine.support.hierarchical.SameThreadHierarchicalTestExecutorService.invokeAll(SameThreadHierarchicalTestExecutorService.java:38) ~[junit-platform-engine-1.4.0.jar:1.4.0]
	at org.junit.platform.engine.support.hierarchical.NodeTestTask.lambda$executeRecursively$5(NodeTestTask.java:139) ~[junit-platform-engine-1.4.0.jar:1.4.0]
	at org.junit.platform.engine.support.hierarchical.ThrowableCollector.execute(ThrowableCollector.java:73) ~[junit-platform-engine-1.4.0.jar:1.4.0]
	at org.junit.platform.engine.support.hierarchical.NodeTestTask.lambda$executeRecursively$7(NodeTestTask.java:125) ~[junit-platform-engine-1.4.0.jar:1.4.0]
	at org.junit.platform.engine.support.hierarchical.Node.around(Node.java:135) ~[junit-platform-engine-1.4.0.jar:1.4.0]
	at org.junit.platform.engine.support.hierarchical.NodeTestTask.lambda$executeRecursively$8(NodeTestTask.java:123) ~[junit-platform-engine-1.4.0.jar:1.4.0]
	at org.junit.platform.engine.support.hierarchical.ThrowableCollector.execute(ThrowableCollector.java:73) ~[junit-platform-engine-1.4.0.jar:1.4.0]
	at org.junit.platform.engine.support.hierarchical.NodeTestTask.executeRecursively(NodeTestTask.java:122) ~[junit-platform-engine-1.4.0.jar:1.4.0]
	at org.junit.platform.engine.support.hierarchical.NodeTestTask.execute(NodeTestTask.java:80) ~[junit-platform-engine-1.4.0.jar:1.4.0]
	at java.util.ArrayList.forEach(ArrayList.java:1540) ~[?:?]
	at org.junit.platform.engine.support.hierarchical.SameThreadHierarchicalTestExecutorService.invokeAll(SameThreadHierarchicalTestExecutorService.java:38) ~[junit-platform-engine-1.4.0.jar:1.4.0]
	at org.junit.platform.engine.support.hierarchical.NodeTestTask.lambda$executeRecursively$5(NodeTestTask.java:139) ~[junit-platform-engine-1.4.0.jar:1.4.0]
	at org.junit.platform.engine.support.hierarchical.ThrowableCollector.execute(ThrowableCollector.java:73) ~[junit-platform-engine-1.4.0.jar:1.4.0]
	at org.junit.platform.engine.support.hierarchical.NodeTestTask.lambda$executeRecursively$7(NodeTestTask.java:125) ~[junit-platform-engine-1.4.0.jar:1.4.0]
	at org.junit.platform.engine.support.hierarchical.Node.around(Node.java:135) ~[junit-platform-engine-1.4.0.jar:1.4.0]
	at org.junit.platform.engine.support.hierarchical.NodeTestTask.lambda$executeRecursively$8(NodeTestTask.java:123) ~[junit-platform-engine-1.4.0.jar:1.4.0]
	at org.junit.platform.engine.support.hierarchical.ThrowableCollector.execute(ThrowableCollector.java:73) ~[junit-platform-engine-1.4.0.jar:1.4.0]
	at org.junit.platform.engine.support.hierarchical.NodeTestTask.executeRecursively(NodeTestTask.java:122) ~[junit-platform-engine-1.4.0.jar:1.4.0]
	at org.junit.platform.engine.support.hierarchical.NodeTestTask.execute(NodeTestTask.java:80) ~[junit-platform-engine-1.4.0.jar:1.4.0]
	at org.junit.platform.engine.support.hierarchical.SameThreadHierarchicalTestExecutorService.submit(SameThreadHierarchicalTestExecutorService.java:32) ~[junit-platform-engine-1.4.0.jar:1.4.0]
	at org.junit.platform.engine.support.hierarchical.HierarchicalTestExecutor.execute(HierarchicalTestExecutor.java:57) ~[junit-platform-engine-1.4.0.jar:1.4.0]
	at org.junit.platform.engine.support.hierarchical.HierarchicalTestEngine.execute(HierarchicalTestEngine.java:51) ~[junit-platform-engine-1.4.0.jar:1.4.0]
	at org.junit.platform.launcher.core.DefaultLauncher.execute(DefaultLauncher.java:229) ~[junit-platform-launcher-1.4.0.jar:1.4.0]
	at org.junit.platform.launcher.core.DefaultLauncher.lambda$execute$6(DefaultLauncher.java:197) ~[junit-platform-launcher-1.4.0.jar:1.4.0]
	at org.junit.platform.launcher.core.DefaultLauncher.withInterceptedStreams(DefaultLauncher.java:211) [junit-platform-launcher-1.4.0.jar:1.4.0]
	at org.junit.platform.launcher.core.DefaultLauncher.execute(DefaultLauncher.java:191) [junit-platform-launcher-1.4.0.jar:1.4.0]
	at org.junit.platform.launcher.core.DefaultLauncher.execute(DefaultLauncher.java:128) [junit-platform-launcher-1.4.0.jar:1.4.0]
	at com.intellij.junit5.JUnit5IdeaTestRunner.startRunnerWithArgs(JUnit5IdeaTestRunner.java:74) [junit5-rt.jar:?]
	at com.intellij.rt.execution.junit.IdeaTestRunner$Repeater.startRunnerWithArgs(IdeaTestRunner.java:47) [junit-rt.jar:?]
	at com.intellij.rt.execution.junit.JUnitStarter.prepareStreamsAndStart(JUnitStarter.java:242) [junit-rt.jar:?]
	at com.intellij.rt.execution.junit.JUnitStarter.main(JUnitStarter.java:70) [junit-rt.jar:?]
02:16:46.186 [main] INFO  by.bsu.lab4.entity.Abiturient - Created Abiturient object 1 Peter Vasilevich Rodionov Pushkina,14 [9, 5, 5, 7, 6]
02:16:46.186 [main] INFO  by.bsu.lab4.entity.Abiturient - Created Abiturient object 2 Alexandr Vitalevich Ivanov Melnikaite,10 [5, 5, 6, 8, 7]
02:16:46.186 [main] INFO  by.bsu.lab4.entity.Abiturient - Created Abiturient object 3 Oleg Mikhailovich Gurko Belova,72 [5, 5, 6, 9, 8]
02:16:46.186 [main] INFO  by.bsu.lab4.solver.TaskSolver - Applying badMarks method of TaskSolver class
02:16:46.186 [main] INFO  by.bsu.lab4.solver.TaskSolverTest - Result list is: []
02:16:46.186 [main] INFO  by.bsu.lab4.solver.TaskSolverTest - Expected list is: []
02:16:46.202 [main] INFO  by.bsu.lab4.entity.Abiturient - Created Abiturient object 1 Peter Vasilevich Rodionov Pushkina,14 [8, 8, 7, 7, 7]
02:16:46.202 [main] INFO  by.bsu.lab4.entity.Abiturient - Created Abiturient object 2 Alexandr Vitalevich Ivanov Melnikaite,10 [7, 7, 7, 8, 8]
02:16:46.202 [main] INFO  by.bsu.lab4.entity.Abiturient - Created Abiturient object 3 Oleg Mikhailovich Gurko Belova,72 [7, 8, 7, 8, 7]
02:16:46.202 [main] INFO  by.bsu.lab4.solver.TaskSolver - Applying bestAmountOfStudents method of TaskSolver class
02:16:46.202 [main] INFO  by.bsu.lab4.solver.TaskSolverTest - Result list is: [id: 2 name: Alexandr middle name: Vitalevich last name: Ivanov phone: +375297095758 address: Melnikaite,10 marks: [7, 7, 7, 8, 8], id: 3 name: Oleg middle name: Mikhailovich last name: Gurko phone: +375297095759 address: Belova,72 marks: [7, 8, 7, 8, 7]]
02:16:46.202 [main] INFO  by.bsu.lab4.solver.TaskSolverTest - Expected list is: [id: 2 name: Alexandr middle name: Vitalevich last name: Ivanov phone: +375297095758 address: Melnikaite,10 marks: [7, 7, 7, 8, 8], id: 3 name: Oleg middle name: Mikhailovich last name: Gurko phone: +375297095759 address: Belova,72 marks: [7, 8, 7, 8, 7]]
02:16:46.218 [main] INFO  by.bsu.lab4.entity.Abiturient - Created Abiturient object 1 Peter Vasilevich Rodionov Pushkina,14 [8, 8, 8, 7, 7]
02:16:46.218 [main] INFO  by.bsu.lab4.entity.Abiturient - Created Abiturient object 2 Alexandr Vitalevich Ivanov Melnikaite,10 [7, 7, 7, 8, 8]
02:16:46.218 [main] INFO  by.bsu.lab4.entity.Abiturient - Created Abiturient object 3 Oleg Mikhailovich Gurko Belova,72 [6, 6, 6, 6, 6]
02:16:46.218 [main] INFO  by.bsu.lab4.solver.TaskSolver - Applying higherAverageMark method of TaskSolver class
02:16:46.233 [main] INFO  by.bsu.lab4.solver.TaskSolverTest - Result list is: [id: 1 name: Peter middle name: Vasilevich last name: Rodionov phone: +375291234567 address: Pushkina,14 marks: [8, 8, 8, 7, 7]]
02:16:46.233 [main] INFO  by.bsu.lab4.solver.TaskSolverTest - Expected list is: [id: 1 name: Peter middle name: Vasilevich last name: Rodionov phone: +375291234567 address: Pushkina,14 marks: [8, 8, 8, 7, 7]]
02:16:46.249 [main] INFO  by.bsu.lab4.entity.Abiturient - Created Abiturient object 1 Peter Vasilevich Rodionov Pushkina,14 [9, 5, 5, 7, 6]
02:16:46.249 [main] INFO  by.bsu.lab4.entity.Abiturient - Created Abiturient object 2 Alexandr Vitalevich Ivanov Melnikaite,10 [3, 5, 6, 2, 7]
02:16:46.249 [main] INFO  by.bsu.lab4.entity.Abiturient - Created Abiturient object 3 Oleg Mikhailovich Gurko Belova,72 [3, 5, 6, 9, 8]
02:16:46.249 [main] INFO  by.bsu.lab4.solver.TaskSolver - Applying badMarks method of TaskSolver class
02:16:46.249 [main] INFO  by.bsu.lab4.solver.TaskSolverTest - Result list is: [id: 2 name: Alexandr middle name: Vitalevich last name: Ivanov phone: +375291238095 address: Melnikaite,10 marks: [3, 5, 6, 2, 7], id: 3 name: Oleg middle name: Mikhailovich last name: Gurko phone: +375291238013 address: Belova,72 marks: [3, 5, 6, 9, 8]]
02:16:46.265 [main] INFO  by.bsu.lab4.solver.TaskSolverTest - Expected list is: [id: 2 name: Alexandr middle name: Vitalevich last name: Ivanov phone: +375291238095 address: Melnikaite,10 marks: [3, 5, 6, 2, 7], id: 3 name: Oleg middle name: Mikhailovich last name: Gurko phone: +375291238013 address: Belova,72 marks: [3, 5, 6, 9, 8]]
02:16:55.481 [main] INFO  by.bsu.lab4.entity.Abiturient - Created Abiturient object 1 Peter Vasilevich Rodionov Pushkina,14 [9, 5, 5, 7, 6]
02:16:55.512 [main] INFO  by.bsu.lab4.entity.Abiturient - Created Abiturient object 2 Alexandr Vitalevich Ivanov Melnikaite,10 [3, 5, 6, 2, 7]
02:16:55.559 [main] INFO  by.bsu.lab4.entity.Abiturient - Created Abiturient object 1 Peter Vasilevich Rodionov Pushkina,14 [9, 5, 5, 7, 6]
02:16:55.559 [main] INFO  by.bsu.lab4.entity.Abiturient - Created Abiturient object 1 Peter Vasilevich Rodionov Pushkina,14 [9, 5, 5, 7, 6]
02:16:55.575 [main] INFO  by.bsu.lab4.entity.Abiturient - Created Abiturient object 2 Alexandr Vitalevich Ivanov Melnikaite,10 [3, 5, 6, 2, 7]
02:16:55.700 [main] INFO  by.bsu.lab4.entity.AbiturientTest - id: 2 name: Alexandr middle name: Vitalevich last name: Ivanov phone: +375294097575 address: Melnikaite,10 marks: [3, 5, 6, 2, 7]
02:16:55.700 [main] INFO  by.bsu.lab4.entity.Abiturient - Created Abiturient object 2 Alexandr Vitalevich Ivanov Melnikaite,10 [3, 5, 6, 2, 7]
02:16:55.700 [main] ERROR by.bsu.lab4.entity.AbiturientTest - Index error
java.lang.IllegalArgumentException: Index should be in range of number of marks
	at by.bsu.lab4.entity.Abiturient.setMark(Abiturient.java:236) ~[Lab4/:?]
	at by.bsu.lab4.entity.AbiturientTest.lambda$setMarkIndexException$2(AbiturientTest.java:55) ~[Lab4/:?]
	at org.junit.jupiter.api.AssertThrows.assertThrows(AssertThrows.java:55) ~[junit-jupiter-api-5.4.0.jar:5.4.0]
	at org.junit.jupiter.api.AssertThrows.assertThrows(AssertThrows.java:37) ~[junit-jupiter-api-5.4.0.jar:5.4.0]
	at org.junit.jupiter.api.Assertions.assertThrows(Assertions.java:2920) ~[junit-jupiter-api-5.4.0.jar:5.4.0]
	at by.bsu.lab4.entity.AbiturientTest.setMarkIndexException(AbiturientTest.java:55) ~[Lab4/:?]
	at jdk.internal.reflect.NativeMethodAccessorImpl.invoke0(Native Method) ~[?:?]
	at jdk.internal.reflect.NativeMethodAccessorImpl.invoke(NativeMethodAccessorImpl.java:62) ~[?:?]
	at jdk.internal.reflect.DelegatingMethodAccessorImpl.invoke(DelegatingMethodAccessorImpl.java:43) ~[?:?]
	at java.lang.reflect.Method.invoke(Method.java:566) ~[?:?]
	at org.junit.platform.commons.util.ReflectionUtils.invokeMethod(ReflectionUtils.java:628) ~[junit-platform-commons-1.4.0.jar:1.4.0]
	at org.junit.jupiter.engine.execution.ExecutableInvoker.invoke(ExecutableInvoker.java:117) ~[junit-jupiter-engine-5.4.0.jar:5.4.0]
	at org.junit.jupiter.engine.descriptor.TestMethodTestDescriptor.lambda$invokeTestMethod$7(TestMethodTestDescriptor.java:184) ~[junit-jupiter-engine-5.4.0.jar:5.4.0]
	at org.junit.platform.engine.support.hierarchical.ThrowableCollector.execute(ThrowableCollector.java:73) ~[junit-platform-engine-1.4.0.jar:1.4.0]
	at org.junit.jupiter.engine.descriptor.TestMethodTestDescriptor.invokeTestMethod(TestMethodTestDescriptor.java:180) ~[junit-jupiter-engine-5.4.0.jar:5.4.0]
	at org.junit.jupiter.engine.descriptor.TestMethodTestDescriptor.execute(TestMethodTestDescriptor.java:127) ~[junit-jupiter-engine-5.4.0.jar:5.4.0]
	at org.junit.jupiter.engine.descriptor.TestMethodTestDescriptor.execute(TestMethodTestDescriptor.java:68) ~[junit-jupiter-engine-5.4.0.jar:5.4.0]
	at org.junit.platform.engine.support.hierarchical.NodeTestTask.lambda$executeRecursively$5(NodeTestTask.java:135) ~[junit-platform-engine-1.4.0.jar:1.4.0]
	at org.junit.platform.engine.support.hierarchical.ThrowableCollector.execute(ThrowableCollector.java:73) ~[junit-platform-engine-1.4.0.jar:1.4.0]
	at org.junit.platform.engine.support.hierarchical.NodeTestTask.lambda$executeRecursively$7(NodeTestTask.java:125) ~[junit-platform-engine-1.4.0.jar:1.4.0]
	at org.junit.platform.engine.support.hierarchical.Node.around(Node.java:135) ~[junit-platform-engine-1.4.0.jar:1.4.0]
	at org.junit.platform.engine.support.hierarchical.NodeTestTask.lambda$executeRecursively$8(NodeTestTask.java:123) ~[junit-platform-engine-1.4.0.jar:1.4.0]
	at org.junit.platform.engine.support.hierarchical.ThrowableCollector.execute(ThrowableCollector.java:73) ~[junit-platform-engine-1.4.0.jar:1.4.0]
	at org.junit.platform.engine.support.hierarchical.NodeTestTask.executeRecursively(NodeTestTask.java:122) ~[junit-platform-engine-1.4.0.jar:1.4.0]
	at org.junit.platform.engine.support.hierarchical.NodeTestTask.execute(NodeTestTask.java:80) ~[junit-platform-engine-1.4.0.jar:1.4.0]
	at java.util.ArrayList.forEach(ArrayList.java:1540) ~[?:?]
	at org.junit.platform.engine.support.hierarchical.SameThreadHierarchicalTestExecutorService.invokeAll(SameThreadHierarchicalTestExecutorService.java:38) ~[junit-platform-engine-1.4.0.jar:1.4.0]
	at org.junit.platform.engine.support.hierarchical.NodeTestTask.lambda$executeRecursively$5(NodeTestTask.java:139) ~[junit-platform-engine-1.4.0.jar:1.4.0]
	at org.junit.platform.engine.support.hierarchical.ThrowableCollector.execute(ThrowableCollector.java:73) ~[junit-platform-engine-1.4.0.jar:1.4.0]
	at org.junit.platform.engine.support.hierarchical.NodeTestTask.lambda$executeRecursively$7(NodeTestTask.java:125) ~[junit-platform-engine-1.4.0.jar:1.4.0]
	at org.junit.platform.engine.support.hierarchical.Node.around(Node.java:135) ~[junit-platform-engine-1.4.0.jar:1.4.0]
	at org.junit.platform.engine.support.hierarchical.NodeTestTask.lambda$executeRecursively$8(NodeTestTask.java:123) ~[junit-platform-engine-1.4.0.jar:1.4.0]
	at org.junit.platform.engine.support.hierarchical.ThrowableCollector.execute(ThrowableCollector.java:73) ~[junit-platform-engine-1.4.0.jar:1.4.0]
	at org.junit.platform.engine.support.hierarchical.NodeTestTask.executeRecursively(NodeTestTask.java:122) ~[junit-platform-engine-1.4.0.jar:1.4.0]
	at org.junit.platform.engine.support.hierarchical.NodeTestTask.execute(NodeTestTask.java:80) ~[junit-platform-engine-1.4.0.jar:1.4.0]
	at java.util.ArrayList.forEach(ArrayList.java:1540) ~[?:?]
	at org.junit.platform.engine.support.hierarchical.SameThreadHierarchicalTestExecutorService.invokeAll(SameThreadHierarchicalTestExecutorService.java:38) ~[junit-platform-engine-1.4.0.jar:1.4.0]
	at org.junit.platform.engine.support.hierarchical.NodeTestTask.lambda$executeRecursively$5(NodeTestTask.java:139) ~[junit-platform-engine-1.4.0.jar:1.4.0]
	at org.junit.platform.engine.support.hierarchical.ThrowableCollector.execute(ThrowableCollector.java:73) ~[junit-platform-engine-1.4.0.jar:1.4.0]
	at org.junit.platform.engine.support.hierarchical.NodeTestTask.lambda$executeRecursively$7(NodeTestTask.java:125) ~[junit-platform-engine-1.4.0.jar:1.4.0]
	at org.junit.platform.engine.support.hierarchical.Node.around(Node.java:135) ~[junit-platform-engine-1.4.0.jar:1.4.0]
	at org.junit.platform.engine.support.hierarchical.NodeTestTask.lambda$executeRecursively$8(NodeTestTask.java:123) ~[junit-platform-engine-1.4.0.jar:1.4.0]
	at org.junit.platform.engine.support.hierarchical.ThrowableCollector.execute(ThrowableCollector.java:73) ~[junit-platform-engine-1.4.0.jar:1.4.0]
	at org.junit.platform.engine.support.hierarchical.NodeTestTask.executeRecursively(NodeTestTask.java:122) ~[junit-platform-engine-1.4.0.jar:1.4.0]
	at org.junit.platform.engine.support.hierarchical.NodeTestTask.execute(NodeTestTask.java:80) ~[junit-platform-engine-1.4.0.jar:1.4.0]
	at org.junit.platform.engine.support.hierarchical.SameThreadHierarchicalTestExecutorService.submit(SameThreadHierarchicalTestExecutorService.java:32) ~[junit-platform-engine-1.4.0.jar:1.4.0]
	at org.junit.platform.engine.support.hierarchical.HierarchicalTestExecutor.execute(HierarchicalTestExecutor.java:57) ~[junit-platform-engine-1.4.0.jar:1.4.0]
	at org.junit.platform.engine.support.hierarchical.HierarchicalTestEngine.execute(HierarchicalTestEngine.java:51) ~[junit-platform-engine-1.4.0.jar:1.4.0]
	at org.junit.platform.launcher.core.DefaultLauncher.execute(DefaultLauncher.java:229) ~[junit-platform-launcher-1.4.0.jar:1.4.0]
	at org.junit.platform.launcher.core.DefaultLauncher.lambda$execute$6(DefaultLauncher.java:197) ~[junit-platform-launcher-1.4.0.jar:1.4.0]
	at org.junit.platform.launcher.core.DefaultLauncher.withInterceptedStreams(DefaultLauncher.java:211) [junit-platform-launcher-1.4.0.jar:1.4.0]
	at org.junit.platform.launcher.core.DefaultLauncher.execute(DefaultLauncher.java:191) [junit-platform-launcher-1.4.0.jar:1.4.0]
	at org.junit.platform.launcher.core.DefaultLauncher.execute(DefaultLauncher.java:128) [junit-platform-launcher-1.4.0.jar:1.4.0]
	at com.intellij.junit5.JUnit5IdeaTestRunner.startRunnerWithArgs(JUnit5IdeaTestRunner.java:74) [junit5-rt.jar:?]
	at com.intellij.rt.execution.junit.IdeaTestRunner$Repeater.startRunnerWithArgs(IdeaTestRunner.java:47) [junit-rt.jar:?]
	at com.intellij.rt.execution.junit.JUnitStarter.prepareStreamsAndStart(JUnitStarter.java:242) [junit-rt.jar:?]
	at com.intellij.rt.execution.junit.JUnitStarter.main(JUnitStarter.java:70) [junit-rt.jar:?]
02:16:55.747 [main] INFO  by.bsu.lab4.entity.Abiturient - Created Abiturient object 2 Alexandr Vitalevich Ivanov Melnikaite,10 [3, 5, 6, 2, 7]
02:16:55.778 [main] INFO  by.bsu.lab4.entity.Abiturient - Created Abiturient object 2 Alexandr Vitalevich Ivanov Melnikaite,10 [3, 5, 6, 2, 7]
02:16:55.794 [main] ERROR by.bsu.lab4.entity.AbiturientTest - Wrong mark error
java.lang.IllegalArgumentException: Mark should be between 1 and 10
	at by.bsu.lab4.entity.Abiturient.setMark(Abiturient.java:239) ~[Lab4/:?]
	at by.bsu.lab4.entity.AbiturientTest.lambda$setMarkCheckException$0(AbiturientTest.java:18) ~[Lab4/:?]
	at org.junit.jupiter.api.AssertThrows.assertThrows(AssertThrows.java:55) ~[junit-jupiter-api-5.4.0.jar:5.4.0]
	at org.junit.jupiter.api.AssertThrows.assertThrows(AssertThrows.java:37) ~[junit-jupiter-api-5.4.0.jar:5.4.0]
	at org.junit.jupiter.api.Assertions.assertThrows(Assertions.java:2920) ~[junit-jupiter-api-5.4.0.jar:5.4.0]
	at by.bsu.lab4.entity.AbiturientTest.setMarkCheckException(AbiturientTest.java:18) ~[Lab4/:?]
	at jdk.internal.reflect.NativeMethodAccessorImpl.invoke0(Native Method) ~[?:?]
	at jdk.internal.reflect.NativeMethodAccessorImpl.invoke(NativeMethodAccessorImpl.java:62) ~[?:?]
	at jdk.internal.reflect.DelegatingMethodAccessorImpl.invoke(DelegatingMethodAccessorImpl.java:43) ~[?:?]
	at java.lang.reflect.Method.invoke(Method.java:566) ~[?:?]
	at org.junit.platform.commons.util.ReflectionUtils.invokeMethod(ReflectionUtils.java:628) ~[junit-platform-commons-1.4.0.jar:1.4.0]
	at org.junit.jupiter.engine.execution.ExecutableInvoker.invoke(ExecutableInvoker.java:117) ~[junit-jupiter-engine-5.4.0.jar:5.4.0]
	at org.junit.jupiter.engine.descriptor.TestMethodTestDescriptor.lambda$invokeTestMethod$7(TestMethodTestDescriptor.java:184) ~[junit-jupiter-engine-5.4.0.jar:5.4.0]
	at org.junit.platform.engine.support.hierarchical.ThrowableCollector.execute(ThrowableCollector.java:73) ~[junit-platform-engine-1.4.0.jar:1.4.0]
	at org.junit.jupiter.engine.descriptor.TestMethodTestDescriptor.invokeTestMethod(TestMethodTestDescriptor.java:180) ~[junit-jupiter-engine-5.4.0.jar:5.4.0]
	at org.junit.jupiter.engine.descriptor.TestMethodTestDescriptor.execute(TestMethodTestDescriptor.java:127) ~[junit-jupiter-engine-5.4.0.jar:5.4.0]
	at org.junit.jupiter.engine.descriptor.TestMethodTestDescriptor.execute(TestMethodTestDescriptor.java:68) ~[junit-jupiter-engine-5.4.0.jar:5.4.0]
	at org.junit.platform.engine.support.hierarchical.NodeTestTask.lambda$executeRecursively$5(NodeTestTask.java:135) ~[junit-platform-engine-1.4.0.jar:1.4.0]
	at org.junit.platform.engine.support.hierarchical.ThrowableCollector.execute(ThrowableCollector.java:73) ~[junit-platform-engine-1.4.0.jar:1.4.0]
	at org.junit.platform.engine.support.hierarchical.NodeTestTask.lambda$executeRecursively$7(NodeTestTask.java:125) ~[junit-platform-engine-1.4.0.jar:1.4.0]
	at org.junit.platform.engine.support.hierarchical.Node.around(Node.java:135) ~[junit-platform-engine-1.4.0.jar:1.4.0]
	at org.junit.platform.engine.support.hierarchical.NodeTestTask.lambda$executeRecursively$8(NodeTestTask.java:123) ~[junit-platform-engine-1.4.0.jar:1.4.0]
	at org.junit.platform.engine.support.hierarchical.ThrowableCollector.execute(ThrowableCollector.java:73) ~[junit-platform-engine-1.4.0.jar:1.4.0]
	at org.junit.platform.engine.support.hierarchical.NodeTestTask.executeRecursively(NodeTestTask.java:122) ~[junit-platform-engine-1.4.0.jar:1.4.0]
	at org.junit.platform.engine.support.hierarchical.NodeTestTask.execute(NodeTestTask.java:80) ~[junit-platform-engine-1.4.0.jar:1.4.0]
	at java.util.ArrayList.forEach(ArrayList.java:1540) ~[?:?]
	at org.junit.platform.engine.support.hierarchical.SameThreadHierarchicalTestExecutorService.invokeAll(SameThreadHierarchicalTestExecutorService.java:38) ~[junit-platform-engine-1.4.0.jar:1.4.0]
	at org.junit.platform.engine.support.hierarchical.NodeTestTask.lambda$executeRecursively$5(NodeTestTask.java:139) ~[junit-platform-engine-1.4.0.jar:1.4.0]
	at org.junit.platform.engine.support.hierarchical.ThrowableCollector.execute(ThrowableCollector.java:73) ~[junit-platform-engine-1.4.0.jar:1.4.0]
	at org.junit.platform.engine.support.hierarchical.NodeTestTask.lambda$executeRecursively$7(NodeTestTask.java:125) ~[junit-platform-engine-1.4.0.jar:1.4.0]
	at org.junit.platform.engine.support.hierarchical.Node.around(Node.java:135) ~[junit-platform-engine-1.4.0.jar:1.4.0]
	at org.junit.platform.engine.support.hierarchical.NodeTestTask.lambda$executeRecursively$8(NodeTestTask.java:123) ~[junit-platform-engine-1.4.0.jar:1.4.0]
	at org.junit.platform.engine.support.hierarchical.ThrowableCollector.execute(ThrowableCollector.java:73) ~[junit-platform-engine-1.4.0.jar:1.4.0]
	at org.junit.platform.engine.support.hierarchical.NodeTestTask.executeRecursively(NodeTestTask.java:122) ~[junit-platform-engine-1.4.0.jar:1.4.0]
	at org.junit.platform.engine.support.hierarchical.NodeTestTask.execute(NodeTestTask.java:80) ~[junit-platform-engine-1.4.0.jar:1.4.0]
	at java.util.ArrayList.forEach(ArrayList.java:1540) ~[?:?]
	at org.junit.platform.engine.support.hierarchical.SameThreadHierarchicalTestExecutorService.invokeAll(SameThreadHierarchicalTestExecutorService.java:38) ~[junit-platform-engine-1.4.0.jar:1.4.0]
	at org.junit.platform.engine.support.hierarchical.NodeTestTask.lambda$executeRecursively$5(NodeTestTask.java:139) ~[junit-platform-engine-1.4.0.jar:1.4.0]
	at org.junit.platform.engine.support.hierarchical.ThrowableCollector.execute(ThrowableCollector.java:73) ~[junit-platform-engine-1.4.0.jar:1.4.0]
	at org.junit.platform.engine.support.hierarchical.NodeTestTask.lambda$executeRecursively$7(NodeTestTask.java:125) ~[junit-platform-engine-1.4.0.jar:1.4.0]
	at org.junit.platform.engine.support.hierarchical.Node.around(Node.java:135) ~[junit-platform-engine-1.4.0.jar:1.4.0]
	at org.junit.platform.engine.support.hierarchical.NodeTestTask.lambda$executeRecursively$8(NodeTestTask.java:123) ~[junit-platform-engine-1.4.0.jar:1.4.0]
	at org.junit.platform.engine.support.hierarchical.ThrowableCollector.execute(ThrowableCollector.java:73) ~[junit-platform-engine-1.4.0.jar:1.4.0]
	at org.junit.platform.engine.support.hierarchical.NodeTestTask.executeRecursively(NodeTestTask.java:122) ~[junit-platform-engine-1.4.0.jar:1.4.0]
	at org.junit.platform.engine.support.hierarchical.NodeTestTask.execute(NodeTestTask.java:80) ~[junit-platform-engine-1.4.0.jar:1.4.0]
	at org.junit.platform.engine.support.hierarchical.SameThreadHierarchicalTestExecutorService.submit(SameThreadHierarchicalTestExecutorService.java:32) ~[junit-platform-engine-1.4.0.jar:1.4.0]
	at org.junit.platform.engine.support.hierarchical.HierarchicalTestExecutor.execute(HierarchicalTestExecutor.java:57) ~[junit-platform-engine-1.4.0.jar:1.4.0]
	at org.junit.platform.engine.support.hierarchical.HierarchicalTestEngine.execute(HierarchicalTestEngine.java:51) ~[junit-platform-engine-1.4.0.jar:1.4.0]
	at org.junit.platform.launcher.core.DefaultLauncher.execute(DefaultLauncher.java:229) ~[junit-platform-launcher-1.4.0.jar:1.4.0]
	at org.junit.platform.launcher.core.DefaultLauncher.lambda$execute$6(DefaultLauncher.java:197) ~[junit-platform-launcher-1.4.0.jar:1.4.0]
	at org.junit.platform.launcher.core.DefaultLauncher.withInterceptedStreams(DefaultLauncher.java:211) [junit-platform-launcher-1.4.0.jar:1.4.0]
	at org.junit.platform.launcher.core.DefaultLauncher.execute(DefaultLauncher.java:191) [junit-platform-launcher-1.4.0.jar:1.4.0]
	at org.junit.platform.launcher.core.DefaultLauncher.execute(DefaultLauncher.java:128) [junit-platform-launcher-1.4.0.jar:1.4.0]
	at com.intellij.junit5.JUnit5IdeaTestRunner.startRunnerWithArgs(JUnit5IdeaTestRunner.java:74) [junit5-rt.jar:?]
	at com.intellij.rt.execution.junit.IdeaTestRunner$Repeater.startRunnerWithArgs(IdeaTestRunner.java:47) [junit-rt.jar:?]
	at com.intellij.rt.execution.junit.JUnitStarter.prepareStreamsAndStart(JUnitStarter.java:242) [junit-rt.jar:?]
	at com.intellij.rt.execution.junit.JUnitStarter.main(JUnitStarter.java:70) [junit-rt.jar:?]
